<?xml version="1.0" encoding="UTF-8"?>
<testsuite xmlns:xsi="http://www.w3.org/2001/XMLSchema-instance" xsi:noNamespaceSchemaLocation="https://maven.apache.org/surefire/maven-surefire-plugin/xsd/surefire-test-report.xsd" version="3.0.2" name="trueder.employmanagement.EmploymanagementApplicationTests" time="2.913" tests="1" errors="0" skipped="0" failures="0">
  <properties>
[...]
</properties>
  <testcase name="contextLoads" classname="trueder.employmanagement.EmploymanagementApplicationTests" time="0.681">
    <system-out><![CDATA[21:10:13.954 [main] INFO org.springframework.test.context.support.AnnotationConfigContextLoaderUtils -- Could not detect default configuration classes for test class [trueder.employmanagement.EmploymanagementApplicationTests]: EmploymanagementApplicationTests does not declare any static, non-private, non-final, nested classes annotated with @Configuration.
21:10:14.081 [main] INFO org.springframework.boot.test.context.SpringBootTestContextBootstrapper -- Found @SpringBootConfiguration trueder.employmanagement.EmploymanagementApplication for test class trueder.employmanagement.EmploymanagementApplicationTests

  .   ____          _            __ _ _
 /\\ / ___'_ __ _ _(_)_ __  __ _ \ \ \ \
( ( )\___ | '_ | '_| | '_ \/ _` | \ \ \ \
 \\/  ___)| |_)| | | | | || (_| |  ) ) ) )
  '  |____| .__|_| |_|_| |_\__, | / / / /
 =========|_|==============|___/=/_/_/_/

 :: Spring Boot ::                (v3.5.0)

2025-06-12T21:10:14.659-05:00  INFO 37588 --- [employmanagement] [           main] t.e.EmploymanagementApplicationTests     : Starting EmploymanagementApplicationTests using Java 21.0.6 with PID 37588 (started by srina in C:\Users\srina\Downloads\employmanagement\employmanagement)
2025-06-12T21:10:14.660-05:00  INFO 37588 --- [employmanagement] [           main] t.e.EmploymanagementApplicationTests     : No active profile set, falling back to 1 default profile: "default"
2025-06-12T21:10:16.008-05:00  INFO 37588 --- [employmanagement] [           main] t.e.EmploymanagementApplicationTests     : Started EmploymanagementApplicationTests in 1.748 seconds (process running for 2.714)
]]></system-out>
    <system-err><![CDATA[Mockito is currently self-attaching to enable the inline-mock-maker. This will no longer work in future releases of the JDK. Please add Mockito as an agent to your build as described in Mockito's documentation: https://javadoc.io/doc/org.mockito/mockito-core/latest/org.mockito/org/mockito/Mockito.html#0.3
WARNING: A Java agent has been loaded dynamically (C:\Users\srina\.m2\repository\net\bytebuddy\byte-buddy-agent\1.17.5\byte-buddy-agent-1.17.5.jar)
WARNING: If a serviceability tool is in use, please run with -XX:+EnableDynamicAgentLoading to hide this warning
WARNING: If a serviceability tool is not in use, please run with -Djdk.instrument.traceUsage for more information
WARNING: Dynamic loading of agents will be disallowed by default in a future release
]]></system-err>
  </testcase>
</testsuite>